{"level":"info","message":"API Gateway running on port: 3000","service":"api-gateway","timestamp":"2025-04-19T12:44:34.926Z"}
{"level":"info","message":"Identity-Service running on port: http://localhost:3001","service":"api-gateway","timestamp":"2025-04-19T12:44:34.936Z"}
{"level":"info","message":"Redis url: redis://localhost:6379","service":"api-gateway","timestamp":"2025-04-19T12:44:34.938Z"}
{"level":"info","message":"API Gateway running on port: 3000","service":"api-gateway","timestamp":"2025-04-19T12:48:25.086Z"}
{"level":"info","message":"Identity-Service running on port: http://localhost:3001","service":"api-gateway","timestamp":"2025-04-19T12:48:25.099Z"}
{"level":"info","message":"Redis url: redis://localhost:6379","service":"api-gateway","timestamp":"2025-04-19T12:48:25.100Z"}
{"level":"info","message":"Received POST request to /v1/auth/register","service":"api-gateway","timestamp":"2025-04-19T12:49:24.274Z"}
{"level":"info","message":"Request body, [object Object]","service":"api-gateway","timestamp":"2025-04-19T12:49:24.275Z"}
{"level":"error","message":"Proxy error: ","service":"api-gateway","timestamp":"2025-04-19T12:49:24.289Z"}
{"level":"info","message":"API Gateway running on port: 3000","service":"api-gateway","timestamp":"2025-04-19T12:50:09.664Z"}
{"level":"info","message":"Identity-Service running on port: http://localhost:3001","service":"api-gateway","timestamp":"2025-04-19T12:50:09.674Z"}
{"level":"info","message":"Redis url: redis://localhost:6379","service":"api-gateway","timestamp":"2025-04-19T12:50:09.675Z"}
{"level":"info","message":"Received POST request to /v1/auth/register","service":"api-gateway","timestamp":"2025-04-19T12:50:15.202Z"}
{"level":"info","message":"Request body, [object Object]","service":"api-gateway","timestamp":"2025-04-19T12:50:15.203Z"}
{"level":"error","message":"Proxy error: ","service":"api-gateway","timestamp":"2025-04-19T12:50:15.221Z"}
{"level":"info","message":"API Gateway running on port: 3000","service":"api-gateway","timestamp":"2025-04-19T12:50:46.992Z"}
{"level":"info","message":"Identity-Service running on port: http://localhost:3001","service":"api-gateway","timestamp":"2025-04-19T12:50:47.003Z"}
{"level":"info","message":"Redis url: redis://localhost:6379","service":"api-gateway","timestamp":"2025-04-19T12:50:47.004Z"}
{"level":"info","message":"Received POST request to /v1/auth/register","service":"api-gateway","timestamp":"2025-04-19T12:50:51.167Z"}
{"level":"info","message":"Request body, [object Object]","service":"api-gateway","timestamp":"2025-04-19T12:50:51.168Z"}
{"level":"error","message":"Proxy error: ","service":"api-gateway","timestamp":"2025-04-19T12:50:51.188Z"}
{"level":"info","message":"API Gateway running on port: 3000","service":"api-gateway","timestamp":"2025-04-19T12:51:42.931Z"}
{"level":"info","message":"Identity-Service running on port: http://localhost:3001","service":"api-gateway","timestamp":"2025-04-19T12:51:42.940Z"}
{"level":"info","message":"Redis url: redis://localhost:6379","service":"api-gateway","timestamp":"2025-04-19T12:51:42.941Z"}
{"level":"info","message":"Received POST request to /v1/auth/register","service":"api-gateway","timestamp":"2025-04-19T12:51:49.390Z"}
{"level":"info","message":"Request body, [object Object]","service":"api-gateway","timestamp":"2025-04-19T12:51:49.392Z"}
{"level":"error","message":"Proxy error: ","service":"api-gateway","timestamp":"2025-04-19T12:51:49.411Z"}
{"level":"info","message":"API Gateway running on port: 3000","service":"api-gateway","timestamp":"2025-04-19T12:54:26.181Z"}
{"level":"info","message":"Identity-Service running on port: http://localhost:3001","service":"api-gateway","timestamp":"2025-04-19T12:54:26.190Z"}
{"level":"info","message":"Redis url: redis://localhost:6379","service":"api-gateway","timestamp":"2025-04-19T12:54:26.191Z"}
{"level":"info","message":"Received POST request to /v1/auth/register","service":"api-gateway","timestamp":"2025-04-19T12:54:32.577Z"}
{"level":"info","message":"Request body, [object Object]","service":"api-gateway","timestamp":"2025-04-19T12:54:32.578Z"}
{"level":"info","message":"Response received from identity-service: 201","service":"api-gateway","timestamp":"2025-04-19T12:54:33.140Z"}
{"level":"info","message":"API Gateway running on port: 3000","service":"api-gateway","timestamp":"2025-04-19T12:55:20.024Z"}
{"level":"info","message":"Identity-Service running on port: http://localhost:3001","service":"api-gateway","timestamp":"2025-04-19T12:55:20.036Z"}
{"level":"info","message":"Redis url: redis://localhost:6379","service":"api-gateway","timestamp":"2025-04-19T12:55:20.038Z"}
{"level":"info","message":"Received POST request to /v1/auth/register","service":"api-gateway","timestamp":"2025-04-19T12:56:37.201Z"}
{"level":"info","message":"Request body, [object Object]","service":"api-gateway","timestamp":"2025-04-19T12:56:37.203Z"}
{"level":"info","message":"Response received from identity-service: 400","service":"api-gateway","timestamp":"2025-04-19T12:56:37.536Z"}
{"level":"info","message":"API Gateway running on port: 3000","service":"api-gateway","timestamp":"2025-04-19T16:48:06.937Z"}
{"level":"info","message":"Identity-Service running on port: http://localhost:3001","service":"api-gateway","timestamp":"2025-04-19T16:48:06.945Z"}
{"level":"info","message":"Redis url: redis://localhost:6379","service":"api-gateway","timestamp":"2025-04-19T16:48:06.946Z"}
{"level":"info","message":"Received POST request to /v1/auth/login","service":"api-gateway","timestamp":"2025-04-19T16:48:45.539Z"}
{"level":"info","message":"Request body, [object Object]","service":"api-gateway","timestamp":"2025-04-19T16:48:45.540Z"}
{"level":"info","message":"Response received from identity-service: 200","service":"api-gateway","timestamp":"2025-04-19T16:48:46.182Z"}
{"level":"info","message":"API Gateway running on port: 3000","service":"api-gateway","timestamp":"2025-04-19T17:07:14.329Z"}
{"level":"info","message":"Identity-Service running on port: http://localhost:3001","service":"api-gateway","timestamp":"2025-04-19T17:07:14.341Z"}
{"level":"info","message":"Redis url: redis://localhost:6379","service":"api-gateway","timestamp":"2025-04-19T17:07:14.343Z"}
{"level":"info","message":"API Gateway running on port: 3000","service":"api-gateway","timestamp":"2025-04-19T17:12:36.218Z"}
{"level":"info","message":"Identity-Service running on port: http://localhost:3001","service":"api-gateway","timestamp":"2025-04-19T17:12:36.226Z"}
{"level":"info","message":"Redis url: redis://localhost:6379","service":"api-gateway","timestamp":"2025-04-19T17:12:36.229Z"}
{"level":"info","message":"Received POST request to /v1/auth/logout","service":"api-gateway","timestamp":"2025-04-19T17:12:40.825Z"}
{"level":"info","message":"Request body, [object Object]","service":"api-gateway","timestamp":"2025-04-19T17:12:40.826Z"}
{"level":"info","message":"Response received from identity-service: 500","service":"api-gateway","timestamp":"2025-04-19T17:13:10.996Z"}
{"level":"info","message":"API Gateway running on port: 3000","service":"api-gateway","timestamp":"2025-04-19T17:18:33.621Z"}
{"level":"info","message":"Identity-Service running on port: http://localhost:3001","service":"api-gateway","timestamp":"2025-04-19T17:18:33.630Z"}
{"level":"info","message":"Redis url: redis://localhost:6379","service":"api-gateway","timestamp":"2025-04-19T17:18:33.631Z"}
{"level":"info","message":"Received POST request to /v1/auth/logout","service":"api-gateway","timestamp":"2025-04-19T17:18:40.615Z"}
{"level":"info","message":"Request body, [object Object]","service":"api-gateway","timestamp":"2025-04-19T17:18:40.617Z"}
{"level":"info","message":"Response received from identity-service: 200","service":"api-gateway","timestamp":"2025-04-19T17:18:40.744Z"}
{"level":"info","message":"Received POST request to /v1/auth/login","service":"api-gateway","timestamp":"2025-04-19T17:21:23.735Z"}
{"level":"info","message":"Request body, [object Object]","service":"api-gateway","timestamp":"2025-04-19T17:21:23.737Z"}
{"level":"error","message":"Proxy error: read ECONNRESET","service":"api-gateway","timestamp":"2025-04-19T17:21:32.711Z"}
{"level":"info","message":"Received POST request to /v1/auth/login","service":"api-gateway","timestamp":"2025-04-19T17:21:40.842Z"}
{"level":"info","message":"Request body, [object Object]","service":"api-gateway","timestamp":"2025-04-19T17:21:40.844Z"}
{"level":"info","message":"Response received from identity-service: 200","service":"api-gateway","timestamp":"2025-04-19T17:21:41.284Z"}
{"level":"info","message":"API Gateway running on port: 3000","service":"api-gateway","timestamp":"2025-04-20T06:15:18.217Z"}
{"level":"info","message":"Identity-Service running on port: http://localhost:3001","service":"api-gateway","timestamp":"2025-04-20T06:15:18.226Z"}
{"level":"info","message":"post-Service running on port: http://localhost:3002","service":"api-gateway","timestamp":"2025-04-20T06:15:18.227Z"}
{"level":"info","message":"Redis url: redis://localhost:6379","service":"api-gateway","timestamp":"2025-04-20T06:15:18.228Z"}
{"level":"info","message":"Received POST request to /v1/posts/create-post","service":"api-gateway","timestamp":"2025-04-20T06:17:34.044Z"}
{"level":"info","message":"Request body, [object Object]","service":"api-gateway","timestamp":"2025-04-20T06:17:34.046Z"}
{"level":"warn","message":"access attempt without valid token","service":"api-gateway","timestamp":"2025-04-20T06:17:34.047Z"}
{"level":"info","message":"Received POST request to /v1/auth/login","service":"api-gateway","timestamp":"2025-04-20T06:21:21.826Z"}
{"level":"info","message":"Request body, [object Object]","service":"api-gateway","timestamp":"2025-04-20T06:21:21.828Z"}
{"level":"error","message":"Proxy error: ","service":"api-gateway","timestamp":"2025-04-20T06:21:21.852Z"}
{"level":"info","message":"Received POST request to /v1/auth/login","service":"api-gateway","timestamp":"2025-04-20T06:21:55.388Z"}
{"level":"info","message":"Request body, [object Object]","service":"api-gateway","timestamp":"2025-04-20T06:21:55.390Z"}
{"level":"info","message":"Response received from identity-service: 200","service":"api-gateway","timestamp":"2025-04-20T06:21:55.808Z"}
{"level":"info","message":"Received POST request to /v1/posts/create-post","service":"api-gateway","timestamp":"2025-04-20T06:22:42.720Z"}
{"level":"info","message":"Request body, [object Object]","service":"api-gateway","timestamp":"2025-04-20T06:22:42.721Z"}
{"level":"warn","message":"Invalid token","service":"api-gateway","timestamp":"2025-04-20T06:22:42.723Z"}
{"level":"info","message":"Received POST request to /v1/posts/create-post","service":"api-gateway","timestamp":"2025-04-20T06:23:28.469Z"}
{"level":"info","message":"Request body, [object Object]","service":"api-gateway","timestamp":"2025-04-20T06:23:28.470Z"}
{"level":"info","message":"Response received from post-service: 201","service":"api-gateway","timestamp":"2025-04-20T06:23:28.641Z"}
{"level":"info","message":"API Gateway running on port: 3000","service":"api-gateway","timestamp":"2025-04-20T06:24:07.803Z"}
{"level":"info","message":"Identity-Service running on port: http://localhost:3001","service":"api-gateway","timestamp":"2025-04-20T06:24:07.814Z"}
{"level":"info","message":"post-Service running on port: http://localhost:3002","service":"api-gateway","timestamp":"2025-04-20T06:24:07.815Z"}
{"level":"info","message":"Redis url: redis://localhost:6379","service":"api-gateway","timestamp":"2025-04-20T06:24:07.817Z"}
