{"level":"info","message":"Post service running on port: 3002","service":"post-service","timestamp":"2025-04-20T05:44:43.605Z"}
{"level":"info","message":"Post service running on port: 3002","service":"post-service","timestamp":"2025-04-20T05:45:15.755Z"}
{"level":"info","message":"Post service running on port: 3002","service":"post-service","timestamp":"2025-04-20T05:45:40.843Z"}
{"beforeHandshake":false,"cause":{"address":"159.41.181.96","code":"ETIMEDOUT","errno":-4039,"port":27017,"syscall":"connect"},"connectionGeneration":0,"errorLabelSet":{},"level":"error","message":"Mongo connection error connect ETIMEDOUT 159.41.181.96:27017","service":"post-service","stack":"MongoNetworkError: connect ETIMEDOUT 159.41.181.96:27017\n    at TLSSocket.<anonymous> (C:\\Users\\hp\\Desktop\\nodejs01\\04microservices\\post-service\\node_modules\\mongodb\\lib\\cmap\\connect.js:285:44)\n    at Object.onceWrapper (node:events:622:26)\n    at TLSSocket.emit (node:events:507:28)\n    at emitErrorNT (node:internal/streams/destroy:170:8)\n    at emitErrorCloseNT (node:internal/streams/destroy:129:3)\n    at process.processTicksAndRejections (node:internal/process/task_queues:90:21)","timestamp":"2025-04-20T05:46:02.253Z"}
{"level":"info","message":"Post service running on port: 3002","service":"post-service","timestamp":"2025-04-20T05:46:11.952Z"}
{"level":"info","message":"Post service running on port: 3002","service":"post-service","timestamp":"2025-04-20T05:49:25.091Z"}
{"level":"info","message":"Connected to mongodb","service":"post-service","timestamp":"2025-04-20T05:49:25.608Z"}
{"level":"info","message":"Post service running on port: 3002","service":"post-service","timestamp":"2025-04-20T06:06:40.184Z"}
{"level":"info","message":"Post service running on port: 3002","service":"post-service","timestamp":"2025-04-20T06:06:57.867Z"}
{"level":"info","message":"Connected to mongodb","service":"post-service","timestamp":"2025-04-20T06:07:19.879Z"}
{"level":"info","message":"Received POST request to /api/posts/create-post","service":"post-service","timestamp":"2025-04-20T06:23:28.580Z"}
{"level":"info","message":"Request body, [object Object]","service":"post-service","timestamp":"2025-04-20T06:23:28.581Z"}
{"level":"info","message":"Create post endpoint hit","service":"post-service","timestamp":"2025-04-20T06:23:28.583Z"}
{"$__":{"$versionError":null,"activePaths":{"paths":{"content":"require","user":"require"},"states":{"default":{},"modify":{},"require":{"content":true,"user":true}}},"backup":{"activePaths":{"default":{"_id":true,"createdAt":true},"modify":{"content":true,"mediaIds":true,"updatedAt":true,"user":true}},"validationError":null},"cachedRequired":{},"inserting":true,"op":null,"pathsToScopes":{"mediaIds":{"__v":0,"_id":"680492e09cfe0459dbdcba0d","content":"Post 1 content","createdAt":"2025-04-20T06:23:28.594Z","mediaIds":[],"updatedAt":"2025-04-20T06:23:28.594Z","user":"680342ca9fd8302a29412db9"}},"saveOptions":null,"savedState":{},"saving":null,"validating":null},"$isNew":false,"_doc":{"__v":0,"_id":"680492e09cfe0459dbdcba0d","content":"Post 1 content","createdAt":"2025-04-20T06:23:28.594Z","mediaIds":[],"updatedAt":"2025-04-20T06:23:28.594Z","user":"680342ca9fd8302a29412db9"},"level":"info","message":"Post created successfully","service":"post-service","timestamp":"2025-04-20T06:23:28.637Z"}
{"level":"info","message":"Post service running on port: 3002","service":"post-service","timestamp":"2025-04-22T15:53:41.478Z"}
{"level":"info","message":"Connected to mongodb","service":"post-service","timestamp":"2025-04-22T15:53:42.028Z"}
{"level":"info","message":"Received POST request to /api/posts/create-post","service":"post-service","timestamp":"2025-04-22T15:55:23.463Z"}
{"level":"info","message":"Request body, [object Object]","service":"post-service","timestamp":"2025-04-22T15:55:23.464Z"}
{"level":"info","message":"Create post endpoint hit","service":"post-service","timestamp":"2025-04-22T15:55:23.468Z"}
{"$__":{"$versionError":null,"activePaths":{"paths":{"content":"require","user":"require"},"states":{"default":{},"modify":{},"require":{"content":true,"user":true}}},"backup":{"activePaths":{"default":{"_id":true,"createdAt":true},"modify":{"content":true,"mediaIds":true,"updatedAt":true,"user":true}},"validationError":null},"cachedRequired":{},"inserting":true,"op":null,"pathsToScopes":{"mediaIds":{"__v":0,"_id":"6807bbeb3bcdfa291f3214e2","content":"Post 2 content","createdAt":"2025-04-22T15:55:23.490Z","mediaIds":[],"updatedAt":"2025-04-22T15:55:23.490Z","user":"680342ca9fd8302a29412db9"}},"saveOptions":null,"savedState":{},"saving":null,"validating":null},"$isNew":false,"_doc":{"__v":0,"_id":"6807bbeb3bcdfa291f3214e2","content":"Post 2 content","createdAt":"2025-04-22T15:55:23.490Z","mediaIds":[],"updatedAt":"2025-04-22T15:55:23.490Z","user":"680342ca9fd8302a29412db9"},"level":"info","message":"Post created successfully","service":"post-service","timestamp":"2025-04-22T15:55:23.548Z"}
{"level":"info","message":"Post service running on port: 3002","service":"post-service","timestamp":"2025-04-22T15:56:13.873Z"}
{"beforeHandshake":false,"cause":{"address":"159.41.181.96","code":"ETIMEDOUT","errno":-4039,"port":27017,"syscall":"connect"},"connectionGeneration":0,"errorLabelSet":{},"level":"error","message":"Mongo connection error connect ETIMEDOUT 159.41.181.96:27017","service":"post-service","stack":"MongoNetworkError: connect ETIMEDOUT 159.41.181.96:27017\n    at TLSSocket.<anonymous> (C:\\Users\\hp\\Desktop\\nodejs01\\04microservices\\post-service\\node_modules\\mongodb\\lib\\cmap\\connect.js:285:44)\n    at Object.onceWrapper (node:events:622:26)\n    at TLSSocket.emit (node:events:507:28)\n    at emitErrorNT (node:internal/streams/destroy:170:8)\n    at emitErrorCloseNT (node:internal/streams/destroy:129:3)\n    at process.processTicksAndRejections (node:internal/process/task_queues:90:21)","timestamp":"2025-04-22T15:56:35.194Z"}
{"level":"info","message":"Received GET request to /api/posts/all-posts","service":"post-service","timestamp":"2025-04-22T15:57:06.074Z"}
{"level":"info","message":"Request body, [object Object]","service":"post-service","timestamp":"2025-04-22T15:57:06.076Z"}
{"level":"error","message":"error fetching posts Operation `posts.find()` buffering timed out after 10000ms","service":"post-service","stack":"MongooseError: Operation `posts.find()` buffering timed out after 10000ms\n    at Timeout.<anonymous> (C:\\Users\\hp\\Desktop\\nodejs01\\04microservices\\post-service\\node_modules\\mongoose\\lib\\drivers\\node-mongodb-native\\collection.js:187:23)\n    at listOnTimeout (node:internal/timers:614:17)\n    at process.processTimers (node:internal/timers:549:7)","timestamp":"2025-04-22T15:57:16.114Z"}
{"level":"info","message":"Received GET request to /api/posts/all-posts","service":"post-service","timestamp":"2025-04-22T15:57:44.430Z"}
{"level":"info","message":"Request body, [object Object]","service":"post-service","timestamp":"2025-04-22T15:57:44.431Z"}
{"level":"error","message":"error fetching posts Operation `posts.find()` buffering timed out after 10000ms","service":"post-service","stack":"MongooseError: Operation `posts.find()` buffering timed out after 10000ms\n    at Timeout.<anonymous> (C:\\Users\\hp\\Desktop\\nodejs01\\04microservices\\post-service\\node_modules\\mongoose\\lib\\drivers\\node-mongodb-native\\collection.js:187:23)\n    at listOnTimeout (node:internal/timers:614:17)\n    at process.processTimers (node:internal/timers:549:7)","timestamp":"2025-04-22T15:57:54.439Z"}
{"level":"info","message":"Post service running on port: 3002","service":"post-service","timestamp":"2025-04-22T15:59:17.506Z"}
{"level":"info","message":"Connected to mongodb","service":"post-service","timestamp":"2025-04-22T15:59:17.915Z"}
{"level":"info","message":"Received GET request to /api/posts/all-posts","service":"post-service","timestamp":"2025-04-22T15:59:39.514Z"}
{"level":"info","message":"Request body, [object Object]","service":"post-service","timestamp":"2025-04-22T15:59:39.515Z"}
{"level":"info","message":"Received POST request to /api/posts/create-post","service":"post-service","timestamp":"2025-04-22T16:01:05.805Z"}
{"level":"info","message":"Request body, [object Object]","service":"post-service","timestamp":"2025-04-22T16:01:05.807Z"}
{"level":"info","message":"Create post endpoint hit","service":"post-service","timestamp":"2025-04-22T16:01:05.810Z"}
{"$__":{"$versionError":null,"activePaths":{"paths":{"content":"require","user":"require"},"states":{"default":{},"modify":{},"require":{"content":true,"user":true}}},"backup":{"activePaths":{"default":{"_id":true,"createdAt":true},"modify":{"content":true,"mediaIds":true,"updatedAt":true,"user":true}},"validationError":null},"cachedRequired":{},"inserting":true,"op":null,"pathsToScopes":{"mediaIds":{"__v":0,"_id":"6807bd41cc48789f32be3c77","content":"Post 1 content from HWK2AH","createdAt":"2025-04-22T16:01:05.831Z","mediaIds":[],"updatedAt":"2025-04-22T16:01:05.831Z","user":"6803d434750582174c3da407"}},"saveOptions":null,"savedState":{},"saving":null,"validating":null},"$isNew":false,"_doc":{"__v":0,"_id":"6807bd41cc48789f32be3c77","content":"Post 1 content from HWK2AH","createdAt":"2025-04-22T16:01:05.831Z","mediaIds":[],"updatedAt":"2025-04-22T16:01:05.831Z","user":"6803d434750582174c3da407"},"level":"info","message":"Post created successfully","service":"post-service","timestamp":"2025-04-22T16:01:05.872Z"}
{"level":"info","message":"Received GET request to /api/posts/all-posts","service":"post-service","timestamp":"2025-04-22T16:01:16.578Z"}
{"level":"info","message":"Request body, [object Object]","service":"post-service","timestamp":"2025-04-22T16:01:16.580Z"}
{"level":"info","message":"Received GET request to /api/posts/all-posts","service":"post-service","timestamp":"2025-04-22T16:02:08.665Z"}
{"level":"info","message":"Request body, [object Object]","service":"post-service","timestamp":"2025-04-22T16:02:08.667Z"}
{"level":"info","message":"Received POST request to /api/posts/create-post","service":"post-service","timestamp":"2025-04-22T16:02:46.631Z"}
{"level":"info","message":"Request body, [object Object]","service":"post-service","timestamp":"2025-04-22T16:02:46.632Z"}
{"level":"info","message":"Create post endpoint hit","service":"post-service","timestamp":"2025-04-22T16:02:46.632Z"}
{"$__":{"$versionError":null,"activePaths":{"paths":{"content":"require","user":"require"},"states":{"default":{},"modify":{},"require":{"content":true,"user":true}}},"backup":{"activePaths":{"default":{"_id":true,"createdAt":true},"modify":{"content":true,"mediaIds":true,"updatedAt":true,"user":true}},"validationError":null},"cachedRequired":{},"inserting":true,"op":null,"pathsToScopes":{"mediaIds":{"__v":0,"_id":"6807bda6cc48789f32be3c79","content":"Post 1 content from HWK2AH","createdAt":"2025-04-22T16:02:46.635Z","mediaIds":[],"updatedAt":"2025-04-22T16:02:46.635Z","user":"6803d434750582174c3da407"}},"saveOptions":null,"savedState":{},"saving":null,"validating":null},"$isNew":false,"_doc":{"__v":0,"_id":"6807bda6cc48789f32be3c79","content":"Post 1 content from HWK2AH","createdAt":"2025-04-22T16:02:46.635Z","mediaIds":[],"updatedAt":"2025-04-22T16:02:46.635Z","user":"6803d434750582174c3da407"},"level":"info","message":"Post created successfully","service":"post-service","timestamp":"2025-04-22T16:02:46.663Z"}
{"level":"info","message":"Received GET request to /api/posts/all-posts","service":"post-service","timestamp":"2025-04-22T16:03:06.572Z"}
{"level":"info","message":"Request body, [object Object]","service":"post-service","timestamp":"2025-04-22T16:03:06.573Z"}
{"level":"info","message":"Post service running on port: 3002","service":"post-service","timestamp":"2025-04-22T16:08:18.260Z"}
{"beforeHandshake":false,"cause":{"address":"159.41.181.96","code":"ETIMEDOUT","errno":-4039,"port":27017,"syscall":"connect"},"connectionGeneration":0,"errorLabelSet":{},"level":"error","message":"Mongo connection error connect ETIMEDOUT 159.41.181.96:27017","service":"post-service","stack":"MongoNetworkError: connect ETIMEDOUT 159.41.181.96:27017\n    at TLSSocket.<anonymous> (C:\\Users\\hp\\Desktop\\nodejs01\\04microservices\\post-service\\node_modules\\mongodb\\lib\\cmap\\connect.js:285:44)\n    at Object.onceWrapper (node:events:622:26)\n    at TLSSocket.emit (node:events:507:28)\n    at emitErrorNT (node:internal/streams/destroy:170:8)\n    at emitErrorCloseNT (node:internal/streams/destroy:129:3)\n    at process.processTicksAndRejections (node:internal/process/task_queues:90:21)","timestamp":"2025-04-22T16:08:54.638Z"}
{"level":"info","message":"Post service running on port: 3002","service":"post-service","timestamp":"2025-04-22T16:09:57.392Z"}
{"level":"info","message":"Post service running on port: 3002","service":"post-service","timestamp":"2025-04-22T16:10:03.744Z"}
{"beforeHandshake":false,"cause":{"address":"159.41.181.96","code":"ETIMEDOUT","errno":-4039,"port":27017,"syscall":"connect"},"connectionGeneration":0,"errorLabelSet":{},"level":"error","message":"Mongo connection error connect ETIMEDOUT 159.41.181.96:27017","service":"post-service","stack":"MongoNetworkError: connect ETIMEDOUT 159.41.181.96:27017\n    at TLSSocket.<anonymous> (C:\\Users\\hp\\Desktop\\nodejs01\\04microservices\\post-service\\node_modules\\mongodb\\lib\\cmap\\connect.js:285:44)\n    at Object.onceWrapper (node:events:622:26)\n    at TLSSocket.emit (node:events:507:28)\n    at emitErrorNT (node:internal/streams/destroy:170:8)\n    at emitErrorCloseNT (node:internal/streams/destroy:129:3)\n    at process.processTicksAndRejections (node:internal/process/task_queues:90:21)","timestamp":"2025-04-22T16:10:24.994Z"}
{"level":"info","message":"Post service running on port: 3002","service":"post-service","timestamp":"2025-04-22T16:10:33.487Z"}
{"level":"info","message":"Connected to mongodb","service":"post-service","timestamp":"2025-04-22T16:10:33.845Z"}
{"level":"info","message":"Received GET request to /api/posts/all-posts","service":"post-service","timestamp":"2025-04-22T16:10:59.827Z"}
{"level":"info","message":"Request body, [object Object]","service":"post-service","timestamp":"2025-04-22T16:10:59.829Z"}
{"level":"info","message":"Post service running on port: 3002","service":"post-service","timestamp":"2025-04-22T16:11:27.681Z"}
{"level":"info","message":"Connected to mongodb","service":"post-service","timestamp":"2025-04-22T16:11:28.011Z"}
{"level":"info","message":"Post service running on port: 3002","service":"post-service","timestamp":"2025-04-22T16:45:15.559Z"}
{"level":"info","message":"Post service running on port: 3002","service":"post-service","timestamp":"2025-04-22T16:45:22.664Z"}
{"level":"info","message":"Connected to mongodb","service":"post-service","timestamp":"2025-04-22T16:45:23.609Z"}
{"level":"info","message":"Received GET request to /api/posts/6807bda6cc48789f32be3c79","service":"post-service","timestamp":"2025-04-22T16:51:29.799Z"}
{"level":"info","message":"Request body, [object Object]","service":"post-service","timestamp":"2025-04-22T16:51:29.800Z"}
{"level":"info","message":"Post service running on port: 3002","service":"post-service","timestamp":"2025-04-23T12:47:22.114Z"}
{"level":"info","message":"Post service running on port: 3002","service":"post-service","timestamp":"2025-04-23T12:47:35.731Z"}
{"level":"info","message":"Connected to mongodb","service":"post-service","timestamp":"2025-04-23T12:47:36.916Z"}
{"level":"info","message":"Received POST request to /api/posts/create-post","service":"post-service","timestamp":"2025-04-23T13:14:14.046Z"}
{"level":"info","message":"Request body, [object Object]","service":"post-service","timestamp":"2025-04-23T13:14:14.049Z"}
{"level":"info","message":"Create post endpoint hit","service":"post-service","timestamp":"2025-04-23T13:14:14.053Z"}
{"$__":{"$versionError":null,"activePaths":{"paths":{"content":"require","user":"require"},"states":{"default":{},"modify":{},"require":{"content":true,"user":true}}},"backup":{"activePaths":{"default":{"_id":true,"createdAt":true},"modify":{"content":true,"mediaIds":true,"updatedAt":true,"user":true}},"validationError":null},"cachedRequired":{},"inserting":true,"op":null,"pathsToScopes":{"mediaIds":{"__v":0,"_id":"6808e7a63a7c92702c08faca","content":"Post content with mediaID ","createdAt":"2025-04-23T13:14:14.080Z","mediaIds":["6808e6456e6775b71cb97f2e"],"updatedAt":"2025-04-23T13:14:14.080Z","user":"680342ca9fd8302a29412db9"}},"saveOptions":null,"savedState":{},"saving":null,"validating":null},"$isNew":false,"_doc":{"__v":0,"_id":"6808e7a63a7c92702c08faca","content":"Post content with mediaID ","createdAt":"2025-04-23T13:14:14.080Z","mediaIds":["6808e6456e6775b71cb97f2e"],"updatedAt":"2025-04-23T13:14:14.080Z","user":"680342ca9fd8302a29412db9"},"level":"info","message":"Post created successfully","service":"post-service","timestamp":"2025-04-23T13:14:14.133Z"}
{"level":"info","message":"Received GET request to /api/posts/all-posts","service":"post-service","timestamp":"2025-04-23T13:14:40.997Z"}
{"level":"info","message":"Request body, [object Object]","service":"post-service","timestamp":"2025-04-23T13:14:40.998Z"}
{"level":"info","message":"Connected to RabbitMQ","service":"post-service","timestamp":"2025-04-23T17:21:41.079Z"}
{"level":"info","message":"Post service running on port: 3002","service":"post-service","timestamp":"2025-04-23T17:21:41.093Z"}
{"level":"info","message":"Connected to RabbitMQ","service":"post-service","timestamp":"2025-04-23T17:21:43.916Z"}
{"level":"info","message":"Post service running on port: 3002","service":"post-service","timestamp":"2025-04-23T17:21:43.927Z"}
{"level":"info","message":"Connected to RabbitMQ","service":"post-service","timestamp":"2025-04-23T17:21:55.265Z"}
{"level":"info","message":"Post service running on port: 3002","service":"post-service","timestamp":"2025-04-23T17:21:55.277Z"}
{"level":"info","message":"Connected to RabbitMQ","service":"post-service","timestamp":"2025-04-23T17:21:59.880Z"}
{"level":"info","message":"Post service running on port: 3002","service":"post-service","timestamp":"2025-04-23T17:21:59.891Z"}
{"level":"info","message":"Connected to RabbitMQ","service":"post-service","timestamp":"2025-04-23T17:22:06.377Z"}
{"level":"info","message":"Post service running on port: 3002","service":"post-service","timestamp":"2025-04-23T17:22:06.388Z"}
{"level":"info","message":"Connected to mongodb","service":"post-service","timestamp":"2025-04-23T17:22:06.642Z"}
{"level":"info","message":"Connected to RabbitMQ","service":"post-service","timestamp":"2025-04-24T03:42:39.230Z"}
{"level":"info","message":"Post service running on port: 3002","service":"post-service","timestamp":"2025-04-24T03:42:39.241Z"}
{"level":"info","message":"Connected to mongodb","service":"post-service","timestamp":"2025-04-24T03:42:39.493Z"}
{"level":"info","message":"Received POST request to /api/posts/create-post","service":"post-service","timestamp":"2025-04-24T03:48:20.328Z"}
{"level":"info","message":"Request body, [object Object]","service":"post-service","timestamp":"2025-04-24T03:48:20.329Z"}
{"level":"info","message":"Create post endpoint hit","service":"post-service","timestamp":"2025-04-24T03:48:20.332Z"}
{"beforeHandshake":false,"cause":{"address":"159.41.181.96","code":"ETIMEDOUT","errno":-4039,"port":27017,"syscall":"connect"},"connectionGeneration":4,"errorLabelSet":{},"level":"error","message":"error creating post connect ETIMEDOUT 159.41.181.96:27017","service":"post-service","stack":"MongoNetworkError: connect ETIMEDOUT 159.41.181.96:27017\n    at TLSSocket.<anonymous> (C:\\Users\\hp\\Desktop\\nodejs01\\04microservices\\post-service\\node_modules\\mongodb\\lib\\cmap\\connect.js:285:44)\n    at Object.onceWrapper (node:events:622:26)\n    at TLSSocket.emit (node:events:507:28)\n    at emitErrorNT (node:internal/streams/destroy:170:8)\n    at emitErrorCloseNT (node:internal/streams/destroy:129:3)\n    at process.processTicksAndRejections (node:internal/process/task_queues:90:21)","timestamp":"2025-04-24T03:48:41.448Z"}
{"level":"info","message":"Connected to RabbitMQ","service":"post-service","timestamp":"2025-04-24T03:48:48.796Z"}
{"level":"info","message":"Post service running on port: 3002","service":"post-service","timestamp":"2025-04-24T03:48:48.806Z"}
{"level":"info","message":"Connected to RabbitMQ","service":"post-service","timestamp":"2025-04-24T03:48:54.463Z"}
{"level":"info","message":"Post service running on port: 3002","service":"post-service","timestamp":"2025-04-24T03:48:54.473Z"}
{"level":"info","message":"Connected to RabbitMQ","service":"post-service","timestamp":"2025-04-24T03:48:58.224Z"}
{"level":"info","message":"Post service running on port: 3002","service":"post-service","timestamp":"2025-04-24T03:48:58.236Z"}
{"level":"info","message":"Connected to RabbitMQ","service":"post-service","timestamp":"2025-04-24T03:49:04.250Z"}
{"level":"info","message":"Post service running on port: 3002","service":"post-service","timestamp":"2025-04-24T03:49:04.260Z"}
{"level":"info","message":"Connected to RabbitMQ","service":"post-service","timestamp":"2025-04-24T03:49:07.640Z"}
{"level":"info","message":"Post service running on port: 3002","service":"post-service","timestamp":"2025-04-24T03:49:07.650Z"}
{"level":"info","message":"Connected to mongodb","service":"post-service","timestamp":"2025-04-24T03:49:07.925Z"}
{"level":"info","message":"Received POST request to /api/posts/create-post","service":"post-service","timestamp":"2025-04-24T03:49:11.643Z"}
{"level":"info","message":"Request body, [object Object]","service":"post-service","timestamp":"2025-04-24T03:49:11.643Z"}
{"level":"info","message":"Create post endpoint hit","service":"post-service","timestamp":"2025-04-24T03:49:11.646Z"}
{"$__":{"$versionError":null,"activePaths":{"paths":{"content":"require","user":"require"},"states":{"default":{},"modify":{},"require":{"content":true,"user":true}}},"backup":{"activePaths":{"default":{"_id":true,"createdAt":true},"modify":{"content":true,"mediaIds":true,"updatedAt":true,"user":true}},"validationError":null},"cachedRequired":{},"inserting":true,"op":null,"pathsToScopes":{"mediaIds":{"__v":0,"_id":"6809b4b7e0c0b086193563d1","content":"Post content with mediaID 2","createdAt":"2025-04-24T03:49:11.668Z","mediaIds":["6809b451ec47407e4ccfb2a4"],"updatedAt":"2025-04-24T03:49:11.668Z","user":"680342ca9fd8302a29412db9"}},"saveOptions":null,"savedState":{},"saving":null,"validating":null},"$isNew":false,"_doc":{"__v":0,"_id":"6809b4b7e0c0b086193563d1","content":"Post content with mediaID 2","createdAt":"2025-04-24T03:49:11.668Z","mediaIds":["6809b451ec47407e4ccfb2a4"],"updatedAt":"2025-04-24T03:49:11.668Z","user":"680342ca9fd8302a29412db9"},"level":"info","message":"Post created successfully","service":"post-service","timestamp":"2025-04-24T03:49:11.729Z"}
{"level":"info","message":"Received GET request to /api/posts/all-posts","service":"post-service","timestamp":"2025-04-24T03:50:00.289Z"}
{"level":"info","message":"Request body, [object Object]","service":"post-service","timestamp":"2025-04-24T03:50:00.290Z"}
{"level":"info","message":"Received DELETE request to /api/posts/6809b4b7e0c0b086193563d1","service":"post-service","timestamp":"2025-04-24T03:57:05.323Z"}
{"level":"info","message":"Request body, [object Object]","service":"post-service","timestamp":"2025-04-24T03:57:05.324Z"}
{"level":"info","message":"Event published: post.deleted","service":"post-service","timestamp":"2025-04-24T03:57:05.446Z"}
{"level":"info","message":"Received POST request to /api/posts/create-post","service":"post-service","timestamp":"2025-04-24T04:14:21.159Z"}
{"level":"info","message":"Request body, [object Object]","service":"post-service","timestamp":"2025-04-24T04:14:21.160Z"}
{"level":"info","message":"Create post endpoint hit","service":"post-service","timestamp":"2025-04-24T04:14:21.161Z"}
{"$__":{"$versionError":null,"activePaths":{"paths":{"content":"require","user":"require"},"states":{"default":{},"modify":{},"require":{"content":true,"user":true}}},"backup":{"activePaths":{"default":{"_id":true,"createdAt":true},"modify":{"content":true,"mediaIds":true,"updatedAt":true,"user":true}},"validationError":null},"cachedRequired":{},"inserting":true,"op":null,"pathsToScopes":{"mediaIds":{"__v":0,"_id":"6809ba9de0c0b086193563d6","content":"Post content with mediaID 3 sound","createdAt":"2025-04-24T04:14:21.168Z","mediaIds":["6809ba813f018d0e52a644f9"],"updatedAt":"2025-04-24T04:14:21.168Z","user":"680342ca9fd8302a29412db9"}},"saveOptions":null,"savedState":{},"saving":null,"validating":null},"$isNew":false,"_doc":{"__v":0,"_id":"6809ba9de0c0b086193563d6","content":"Post content with mediaID 3 sound","createdAt":"2025-04-24T04:14:21.168Z","mediaIds":["6809ba813f018d0e52a644f9"],"updatedAt":"2025-04-24T04:14:21.168Z","user":"680342ca9fd8302a29412db9"},"level":"info","message":"Post created successfully","service":"post-service","timestamp":"2025-04-24T04:14:21.238Z"}
{"level":"info","message":"Received GET request to /api/posts/all-posts","service":"post-service","timestamp":"2025-04-24T04:14:31.897Z"}
{"level":"info","message":"Request body, [object Object]","service":"post-service","timestamp":"2025-04-24T04:14:31.899Z"}
{"level":"info","message":"Received DELETE request to /api/posts/6809ba9de0c0b086193563d6","service":"post-service","timestamp":"2025-04-24T04:15:28.076Z"}
{"level":"info","message":"Request body, [object Object]","service":"post-service","timestamp":"2025-04-24T04:15:28.077Z"}
{"level":"info","message":"Event published: post.deleted","service":"post-service","timestamp":"2025-04-24T04:15:28.115Z"}
